# JRE version: Java(TM) SE Runtime Environment (24.0.1+9) (build 24.0.1+9-30)
# Java VM: Java HotSpot(TM) 64-Bit Server VM (24.0.1+9-30, mixed mode, sharing, tiered, compressed oops, compressed class ptrs, serial gc, windows-amd64)
GC Precious Log:
 CardTable entry size: 512
 CPUs: 8 total, 8 available
 Memory: 16149M
 Large Page Support: Disabled
 NUMA Support: Disabled
 Compressed Oops: Enabled (32-bit)
 Heap Min Capacity: 8M
 Heap Initial Capacity: 128M
 Heap Max Capacity: 128M
 Pre-touch: Disabled
Heap:
 DefNew     total 39296K, used 27189K [0x00000000f8000000, 0x00000000faaa0000, 0x00000000faaa0000)
  eden space 34944K,  77% used [0x00000000f8000000, 0x00000000f9a8d4e0, 0x00000000fa220000)
  from space 4352K,   0% used [0x00000000fa220000, 0x00000000fa220000, 0x00000000fa660000)
  to   space 4352K,   0% used [0x00000000fa660000, 0x00000000fa660000, 0x00000000faaa0000)
 Tenured    total 87424K, used 52215K [0x00000000faaa0000, 0x0000000100000000, 0x0000000100000000)
   the space 87424K,  59% used [0x00000000faaa0000, 0x00000000fdd9dff8, 0x0000000100000000)
 Metaspace       used 59352K, committed 61568K, reserved 131072K
  class space    used 7149K, committed 8192K, reserved 65536K
GC Heap History (20 events):
Event: 3.932 GC heap before
{Heap before GC invocations=9 (full 2):
 DefNew     total 39296K, used 34944K [0x00000000f8000000, 0x00000000faaa0000, 0x00000000faaa0000)
  eden space 34944K, 100% used [0x00000000f8000000, 0x00000000fa220000, 0x00000000fa220000)
  from space 4352K,   0% used [0x00000000fa660000, 0x00000000fa660000, 0x00000000faaa0000)
  to   space 4352K,   0% used [0x00000000fa220000, 0x00000000fa220000, 0x00000000fa660000)
 Tenured    total 87424K, used 28982K [0x00000000faaa0000, 0x0000000100000000, 0x0000000100000000)
   the space 87424K,  33% used [0x00000000faaa0000, 0x00000000fc6edb38, 0x0000000100000000)
 Metaspace       used 37956K, committed 39488K, reserved 131072K
  class space    used 4408K, committed 5120K, reserved 65536K
}
Event: 3.940 GC heap after
{Heap after GC invocations=10 (full 2):
 DefNew     total 39296K, used 2519K [0x00000000f8000000, 0x00000000faaa0000, 0x00000000faaa0000)
  eden space 34944K,   0% used [0x00000000f8000000, 0x00000000f8000000, 0x00000000fa220000)
  from space 4352K,  57% used [0x00000000fa220000, 0x00000000fa495d98, 0x00000000fa660000)
  to   space 4352K,   0% used [0x00000000fa660000, 0x00000000fa660000, 0x00000000faaa0000)
 Tenured    total 87424K, used 28982K [0x00000000faaa0000, 0x0000000100000000, 0x0000000100000000)
   the space 87424K,  33% used [0x00000000faaa0000, 0x00000000fc6edb38, 0x0000000100000000)
 Metaspace       used 37956K, committed 39488K, reserved 131072K
  class space    used 4408K, committed 5120K, reserved 65536K
}
Event: 4.393 GC heap before
{Heap before GC invocations=10 (full 2):
 DefNew     total 39296K, used 37463K [0x00000000f8000000, 0x00000000faaa0000, 0x00000000faaa0000)
  eden space 34944K, 100% used [0x00000000f8000000, 0x00000000fa220000, 0x00000000fa220000)
  from space 4352K,  57% used [0x00000000fa220000, 0x00000000fa495d98, 0x00000000fa660000)
  to   space 4352K,   0% used [0x00000000fa660000, 0x00000000fa660000, 0x00000000faaa0000)
 Tenured    total 87424K, used 28982K [0x00000000faaa0000, 0x0000000100000000, 0x0000000100000000)
   the space 87424K,  33% used [0x00000000faaa0000, 0x00000000fc6edb38, 0x0000000100000000)
 Metaspace       used 41496K, committed 43136K, reserved 131072K
  class space    used 4868K, committed 5632K, reserved 65536K
}
Event: 4.401 GC heap after
{Heap after GC invocations=11 (full 2):
 DefNew     total 39296K, used 1656K [0x00000000f8000000, 0x00000000faaa0000, 0x00000000faaa0000)
  eden space 34944K,   0% used [0x00000000f8000000, 0x00000000f8000000, 0x00000000fa220000)
  from space 4352K,  38% used [0x00000000fa660000, 0x00000000fa7fe288, 0x00000000faaa0000)
  to   space 4352K,   0% used [0x00000000fa220000, 0x00000000fa220000, 0x00000000fa660000)
 Tenured    total 87424K, used 31483K [0x00000000faaa0000, 0x0000000100000000, 0x0000000100000000)
   the space 87424K,  36% used [0x00000000faaa0000, 0x00000000fc95ec40, 0x0000000100000000)
 Metaspace       used 41496K, committed 43136K, reserved 131072K
  class space    used 4868K, committed 5632K, reserved 65536K
}
Event: 4.869 GC heap before
{Heap before GC invocations=11 (full 2):
 DefNew     total 39296K, used 36600K [0x00000000f8000000, 0x00000000faaa0000, 0x00000000faaa0000)
  eden space 34944K, 100% used [0x00000000f8000000, 0x00000000fa220000, 0x00000000fa220000)
  from space 4352K,  38% used [0x00000000fa660000, 0x00000000fa7fe288, 0x00000000faaa0000)
  to   space 4352K,   0% used [0x00000000fa220000, 0x00000000fa220000, 0x00000000fa660000)
 Tenured    total 87424K, used 31483K [0x00000000faaa0000, 0x0000000100000000, 0x0000000100000000)
   the space 87424K,  36% used [0x00000000faaa0000, 0x00000000fc95ec40, 0x0000000100000000)
 Metaspace       used 44962K, committed 46720K, reserved 131072K
  class space    used 5357K, committed 6144K, reserved 65536K
}
Event: 4.878 GC heap after
{Heap after GC invocations=12 (full 2):
 DefNew     total 39296K, used 3595K [0x00000000f8000000, 0x00000000faaa0000, 0x00000000faaa0000)
  eden space 34944K,   0% used [0x00000000f8000000, 0x00000000f8000000, 0x00000000fa220000)
  from space 4352K,  82% used [0x00000000fa220000, 0x00000000fa5a2d18, 0x00000000fa660000)
  to   space 4352K,   0% used [0x00000000fa660000, 0x00000000fa660000, 0x00000000faaa0000)
 Tenured    total 87424K, used 31483K [0x00000000faaa0000, 0x0000000100000000, 0x0000000100000000)
   the space 87424K,  36% used [0x00000000faaa0000, 0x00000000fc95ec40, 0x0000000100000000)
 Metaspace       used 44962K, committed 46720K, reserved 131072K
  class space    used 5357K, committed 6144K, reserved 65536K
}
Event: 5.549 GC heap before
{Heap before GC invocations=12 (full 2):
 DefNew     total 39296K, used 38539K [0x00000000f8000000, 0x00000000faaa0000, 0x00000000faaa0000)
  eden space 34944K, 100% used [0x00000000f8000000, 0x00000000fa220000, 0x00000000fa220000)
  from space 4352K,  82% used [0x00000000fa220000, 0x00000000fa5a2d18, 0x00000000fa660000)
  to   space 4352K,   0% used [0x00000000fa660000, 0x00000000fa660000, 0x00000000faaa0000)
 Tenured    total 87424K, used 31483K [0x00000000faaa0000, 0x0000000100000000, 0x0000000100000000)
   the space 87424K,  36% used [0x00000000faaa0000, 0x00000000fc95ec40, 0x0000000100000000)
 Metaspace       used 48172K, committed 49984K, reserved 131072K
  class space    used 5684K, committed 6528K, reserved 65536K
}
Event: 5.560 GC heap after
{Heap after GC invocations=13 (full 2):
 DefNew     total 39296K, used 3356K [0x00000000f8000000, 0x00000000faaa0000, 0x00000000faaa0000)
  eden space 34944K,   0% used [0x00000000f8000000, 0x00000000f8000000, 0x00000000fa220000)
  from space 4352K,  77% used [0x00000000fa660000, 0x00000000fa9a7338, 0x00000000faaa0000)
  to   space 4352K,   0% used [0x00000000fa220000, 0x00000000fa220000, 0x00000000fa660000)
 Tenured    total 87424K, used 33111K [0x00000000faaa0000, 0x0000000100000000, 0x0000000100000000)
   the space 87424K,  37% used [0x00000000faaa0000, 0x00000000fcaf5ef0, 0x0000000100000000)
 Metaspace       used 48172K, committed 49984K, reserved 131072K
  class space    used 5684K, committed 6528K, reserved 65536K
}
Event: 5.894 GC heap before
{Heap before GC invocations=13 (full 2):
 DefNew     total 39296K, used 38300K [0x00000000f8000000, 0x00000000faaa0000, 0x00000000faaa0000)
  eden space 34944K, 100% used [0x00000000f8000000, 0x00000000fa220000, 0x00000000fa220000)
  from space 4352K,  77% used [0x00000000fa660000, 0x00000000fa9a7338, 0x00000000faaa0000)
  to   space 4352K,   0% used [0x00000000fa220000, 0x00000000fa220000, 0x00000000fa660000)
 Tenured    total 87424K, used 33111K [0x00000000faaa0000, 0x0000000100000000, 0x0000000100000000)
   the space 87424K,  37% used [0x00000000faaa0000, 0x00000000fcaf5ef0, 0x0000000100000000)
 Metaspace       used 50796K, committed 52800K, reserved 131072K
  class space    used 6039K, committed 6976K, reserved 65536K
}
Event: 5.906 GC heap after
{Heap after GC invocations=14 (full 2):
 DefNew     total 39296K, used 4351K [0x00000000f8000000, 0x00000000faaa0000, 0x00000000faaa0000)
  eden space 34944K,   0% used [0x00000000f8000000, 0x00000000f8000000, 0x00000000fa220000)
  from space 4352K,  99% used [0x00000000fa220000, 0x00000000fa65fff8, 0x00000000fa660000)
  to   space 4352K,   0% used [0x00000000fa660000, 0x00000000fa660000, 0x00000000faaa0000)
 Tenured    total 87424K, used 35792K [0x00000000faaa0000, 0x0000000100000000, 0x0000000100000000)
   the space 87424K,  40% used [0x00000000faaa0000, 0x00000000fcd94148, 0x0000000100000000)
 Metaspace       used 50796K, committed 52800K, reserved 131072K
  class space    used 6039K, committed 6976K, reserved 65536K
}
Event: 6.760 GC heap before
{Heap before GC invocations=14 (full 2):
 DefNew     total 39296K, used 39295K [0x00000000f8000000, 0x00000000faaa0000, 0x00000000faaa0000)
  eden space 34944K, 100% used [0x00000000f8000000, 0x00000000fa220000, 0x00000000fa220000)
  from space 4352K,  99% used [0x00000000fa220000, 0x00000000fa65fff8, 0x00000000fa660000)
  to   space 4352K,   0% used [0x00000000fa660000, 0x00000000fa660000, 0x00000000faaa0000)
 Tenured    total 87424K, used 35792K [0x00000000faaa0000, 0x0000000100000000, 0x0000000100000000)
   the space 87424K,  40% used [0x00000000faaa0000, 0x00000000fcd94148, 0x0000000100000000)
 Metaspace       used 53032K, committed 55104K, reserved 131072K
  class space    used 6368K, committed 7360K, reserved 65536K
}
Event: 6.775 GC heap after
{Heap after GC invocations=15 (full 2):
 DefNew     total 39296K, used 4250K [0x00000000f8000000, 0x00000000faaa0000, 0x00000000faaa0000)
  eden space 34944K,   0% used [0x00000000f8000000, 0x00000000f8000000, 0x00000000fa220000)
  from space 4352K,  97% used [0x00000000fa660000, 0x00000000faa86978, 0x00000000faaa0000)
  to   space 4352K,   0% used [0x00000000fa220000, 0x00000000fa220000, 0x00000000fa660000)
 Tenured    total 87424K, used 40124K [0x00000000faaa0000, 0x0000000100000000, 0x0000000100000000)
   the space 87424K,  45% used [0x00000000faaa0000, 0x00000000fd1cf2a0, 0x0000000100000000)
 Metaspace       used 53032K, committed 55104K, reserved 131072K
  class space    used 6368K, committed 7360K, reserved 65536K
}
Event: 7.223 GC heap before
{Heap before GC invocations=15 (full 2):
 DefNew     total 39296K, used 39194K [0x00000000f8000000, 0x00000000faaa0000, 0x00000000faaa0000)
  eden space 34944K, 100% used [0x00000000f8000000, 0x00000000fa220000, 0x00000000fa220000)
  from space 4352K,  97% used [0x00000000fa660000, 0x00000000faa86978, 0x00000000faaa0000)
  to   space 4352K,   0% used [0x00000000fa220000, 0x00000000fa220000, 0x00000000fa660000)
 Tenured    total 87424K, used 40124K [0x00000000faaa0000, 0x0000000100000000, 0x0000000100000000)
   the space 87424K,  45% used [0x00000000faaa0000, 0x00000000fd1cf2a0, 0x0000000100000000)
 Metaspace       used 54933K, committed 57024K, reserved 131072K
  class space    used 6513K, committed 7488K, reserved 65536K
}
Event: 7.233 GC heap after
{Heap after GC invocations=16 (full 2):
 DefNew     total 39296K, used 2605K [0x00000000f8000000, 0x00000000faaa0000, 0x00000000faaa0000)
  eden space 34944K,   0% used [0x00000000f8000000, 0x00000000f8000000, 0x00000000fa220000)
  from space 4352K,  59% used [0x00000000fa220000, 0x00000000fa4ab620, 0x00000000fa660000)
  to   space 4352K,   0% used [0x00000000fa660000, 0x00000000fa660000, 0x00000000faaa0000)
 Tenured    total 87424K, used 44036K [0x00000000faaa0000, 0x0000000100000000, 0x0000000100000000)
   the space 87424K,  50% used [0x00000000faaa0000, 0x00000000fd5a13c0, 0x0000000100000000)
 Metaspace       used 54933K, committed 57024K, reserved 131072K
  class space    used 6513K, committed 7488K, reserved 65536K
}
Event: 7.602 GC heap before
{Heap before GC invocations=16 (full 2):
 DefNew     total 39296K, used 37549K [0x00000000f8000000, 0x00000000faaa0000, 0x00000000faaa0000)
  eden space 34944K, 100% used [0x00000000f8000000, 0x00000000fa220000, 0x00000000fa220000)
  from space 4352K,  59% used [0x00000000fa220000, 0x00000000fa4ab620, 0x00000000fa660000)
  to   space 4352K,   0% used [0x00000000fa660000, 0x00000000fa660000, 0x00000000faaa0000)
 Tenured    total 87424K, used 44036K [0x00000000faaa0000, 0x0000000100000000, 0x0000000100000000)
   the space 87424K,  50% used [0x00000000faaa0000, 0x00000000fd5a13c0, 0x0000000100000000)
 Metaspace       used 55608K, committed 57728K, reserved 131072K
  class space    used 6548K, committed 7552K, reserved 65536K
}
Event: 7.614 GC heap after
{Heap after GC invocations=17 (full 2):
 DefNew     total 39296K, used 3993K [0x00000000f8000000, 0x00000000faaa0000, 0x00000000faaa0000)
  eden space 34944K,   0% used [0x00000000f8000000, 0x00000000f8000000, 0x00000000fa220000)
  from space 4352K,  91% used [0x00000000fa660000, 0x00000000faa46590, 0x00000000faaa0000)
  to   space 4352K,   0% used [0x00000000fa220000, 0x00000000fa220000, 0x00000000fa660000)
 Tenured    total 87424K, used 46438K [0x00000000faaa0000, 0x0000000100000000, 0x0000000100000000)
   the space 87424K,  53% used [0x00000000faaa0000, 0x00000000fd7f9ad8, 0x0000000100000000)
 Metaspace       used 55608K, committed 57728K, reserved 131072K
  class space    used 6548K, committed 7552K, reserved 65536K
}
Event: 7.901 GC heap before
{Heap before GC invocations=17 (full 2):
 DefNew     total 39296K, used 38937K [0x00000000f8000000, 0x00000000faaa0000, 0x00000000faaa0000)
  eden space 34944K, 100% used [0x00000000f8000000, 0x00000000fa220000, 0x00000000fa220000)
  from space 4352K,  91% used [0x00000000fa660000, 0x00000000faa46590, 0x00000000faaa0000)
  to   space 4352K,   0% used [0x00000000fa220000, 0x00000000fa220000, 0x00000000fa660000)
 Tenured    total 87424K, used 46438K [0x00000000faaa0000, 0x0000000100000000, 0x0000000100000000)
   the space 87424K,  53% used [0x00000000faaa0000, 0x00000000fd7f9ad8, 0x0000000100000000)
 Metaspace       used 56010K, committed 58176K, reserved 131072K
  class space    used 6582K, committed 7616K, reserved 65536K
}
Event: 7.913 GC heap after
{Heap after GC invocations=18 (full 2):
 DefNew     total 39296K, used 2814K [0x00000000f8000000, 0x00000000faaa0000, 0x00000000faaa0000)
  eden space 34944K,   0% used [0x00000000f8000000, 0x00000000f8000000, 0x00000000fa220000)
  from space 4352K,  64% used [0x00000000fa220000, 0x00000000fa4df978, 0x00000000fa660000)
  to   space 4352K,   0% used [0x00000000fa660000, 0x00000000fa660000, 0x00000000faaa0000)
 Tenured    total 87424K, used 50207K [0x00000000faaa0000, 0x0000000100000000, 0x0000000100000000)
   the space 87424K,  57% used [0x00000000faaa0000, 0x00000000fdba7e60, 0x0000000100000000)
 Metaspace       used 56010K, committed 58176K, reserved 131072K
  class space    used 6582K, committed 7616K, reserved 65536K
}
Event: 8.171 GC heap before
{Heap before GC invocations=18 (full 2):
 DefNew     total 39296K, used 27931K [0x00000000f8000000, 0x00000000faaa0000, 0x00000000faaa0000)
  eden space 34944K,  71% used [0x00000000f8000000, 0x00000000f98873f0, 0x00000000fa220000)
  from space 4352K,  64% used [0x00000000fa220000, 0x00000000fa4df978, 0x00000000fa660000)
  to   space 4352K,   0% used [0x00000000fa660000, 0x00000000fa660000, 0x00000000faaa0000)
 Tenured    total 87424K, used 50207K [0x00000000faaa0000, 0x0000000100000000, 0x0000000100000000)
   the space 87424K,  57% used [0x00000000faaa0000, 0x00000000fdba7e60, 0x0000000100000000)
 Metaspace       used 57594K, committed 59776K, reserved 131072K
  class space    used 6834K, committed 7872K, reserved 65536K
}
Event: 8.258 GC heap after
{Heap after GC invocations=19 (full 3):
 DefNew     total 39296K, used 0K [0x00000000f8000000, 0x00000000faaa0000, 0x00000000faaa0000)
  eden space 34944K,   0% used [0x00000000f8000000, 0x00000000f8000000, 0x00000000fa220000)
  from space 4352K,   0% used [0x00000000fa220000, 0x00000000fa220000, 0x00000000fa660000)
  to   space 4352K,   0% used [0x00000000fa660000, 0x00000000fa660000, 0x00000000faaa0000)
 Tenured    total 87424K, used 52215K [0x00000000faaa0000, 0x0000000100000000, 0x0000000100000000)
   the space 87424K,  59% used [0x00000000faaa0000, 0x00000000fdd9dff8, 0x0000000100000000)
 Metaspace       used 57594K, committed 59776K, reserved 131072K
  class space    used 6834K, committed 7872K, reserved 65536K
}

